2025-10-24 10:06:22.895 [main] INFO  c.c.g.GasheatsupplyApplication - Starting GasheatsupplyApplication using Java 1.8.0_101 on LAPTOP-EV072U81 with PID 32752 (E:\公司项目\gasheatsupply\target\classes started by xunyu in E:\公司项目\gasheatsupply)
2025-10-24 10:06:22.897 [main] INFO  c.c.g.GasheatsupplyApplication - No active profile set, falling back to default profiles: default
2025-10-24 10:06:23.426 [main] WARN  o.m.s.mapper.ClassPathMapperScanner - Skipping MapperFactoryBean with name 'priceInfoMapper' and 'com.chder.gasheatsupply.mapper.PriceInfoMapper' mapperInterface. Bean already defined with the same name!
2025-10-24 10:06:23.426 [main] WARN  o.m.s.mapper.ClassPathMapperScanner - No MyBatis mapper was found in '[com.chder.gasheatsupply.mapper]' package. Please check your configuration.
2025-10-24 10:06:23.823 [main] INFO  o.s.b.w.e.tomcat.TomcatWebServer - Tomcat initialized with port(s): 8080 (http)
2025-10-24 10:06:23.832 [main] INFO  o.a.coyote.http11.Http11NioProtocol - Initializing ProtocolHandler ["http-nio-8080"]
2025-10-24 10:06:23.834 [main] INFO  o.a.catalina.core.StandardService - Starting service [Tomcat]
2025-10-24 10:06:23.834 [main] INFO  o.a.catalina.core.StandardEngine - Starting Servlet engine: [Apache Tomcat/9.0.46]
2025-10-24 10:06:23.892 [main] INFO  o.a.c.c.C.[Tomcat].[localhost].[/] - Initializing Spring embedded WebApplicationContext
2025-10-24 10:06:23.892 [main] INFO  o.s.b.w.s.c.ServletWebServerApplicationContext - Root WebApplicationContext: initialization completed in 964 ms
2025-10-24 10:06:24.619 [main] INFO  com.zaxxer.hikari.HikariDataSource - HikariPool-1 - Starting...
2025-10-24 10:06:24.756 [main] INFO  com.zaxxer.hikari.HikariDataSource - HikariPool-1 - Start completed.
2025-10-24 10:06:24.819 [main] INFO  o.a.coyote.http11.Http11NioProtocol - Starting ProtocolHandler ["http-nio-8080"]
2025-10-24 10:06:24.851 [main] INFO  o.s.b.w.e.tomcat.TomcatWebServer - Tomcat started on port(s): 8080 (http) with context path ''
2025-10-24 10:06:24.851 [main] INFO  c.c.g.GasheatsupplyApplication - Started GasheatsupplyApplication in 2.239 seconds (JVM running for 2.812)
2025-10-24 10:46:57.338 [HikariPool-1 housekeeper] WARN  com.zaxxer.hikari.pool.HikariPool - HikariPool-1 - Thread starvation or clock leap detected (housekeeper delta=6m1s874ms507µs700ns).
2025-10-24 13:43:09.668 [HikariPool-1 housekeeper] WARN  com.zaxxer.hikari.pool.HikariPool - HikariPool-1 - Thread starvation or clock leap detected (housekeeper delta=2h15m46s518ms260µs800ns).
2025-10-24 15:19:18.389 [main] INFO  c.c.g.GasheatsupplyApplication - Starting GasheatsupplyApplication using Java 1.8.0_101 on LAPTOP-EV072U81 with PID 30948 (E:\公司项目\gasheatsupply\target\classes started by xunyu in E:\公司项目\gasheatsupply)
2025-10-24 15:19:18.390 [main] INFO  c.c.g.GasheatsupplyApplication - No active profile set, falling back to default profiles: default
2025-10-24 15:19:18.821 [main] WARN  o.m.s.mapper.ClassPathMapperScanner - Skipping MapperFactoryBean with name 'priceInfoMapper' and 'com.chder.gasheatsupply.mapper.PriceInfoMapper' mapperInterface. Bean already defined with the same name!
2025-10-24 15:19:18.821 [main] WARN  o.m.s.mapper.ClassPathMapperScanner - No MyBatis mapper was found in '[com.chder.gasheatsupply.mapper]' package. Please check your configuration.
2025-10-24 15:19:19.112 [main] INFO  o.s.b.w.e.tomcat.TomcatWebServer - Tomcat initialized with port(s): 8080 (http)
2025-10-24 15:19:19.118 [main] INFO  o.a.coyote.http11.Http11NioProtocol - Initializing ProtocolHandler ["http-nio-8080"]
2025-10-24 15:19:19.118 [main] INFO  o.a.catalina.core.StandardService - Starting service [Tomcat]
2025-10-24 15:19:19.118 [main] INFO  o.a.catalina.core.StandardEngine - Starting Servlet engine: [Apache Tomcat/9.0.46]
2025-10-24 15:19:19.176 [main] INFO  o.a.c.c.C.[Tomcat].[localhost].[/] - Initializing Spring embedded WebApplicationContext
2025-10-24 15:19:19.176 [main] INFO  o.s.b.w.s.c.ServletWebServerApplicationContext - Root WebApplicationContext: initialization completed in 754 ms
2025-10-24 15:19:19.674 [main] INFO  com.zaxxer.hikari.HikariDataSource - HikariPool-1 - Starting...
2025-10-24 15:19:19.780 [main] INFO  com.zaxxer.hikari.HikariDataSource - HikariPool-1 - Start completed.
2025-10-24 15:19:19.820 [main] INFO  o.a.coyote.http11.Http11NioProtocol - Starting ProtocolHandler ["http-nio-8080"]
2025-10-24 15:19:19.830 [main] INFO  o.s.b.w.e.tomcat.TomcatWebServer - Tomcat started on port(s): 8080 (http) with context path ''
2025-10-24 15:19:19.836 [main] INFO  c.c.g.GasheatsupplyApplication - Started GasheatsupplyApplication in 1.66 seconds (JVM running for 2.145)
2025-10-24 15:23:10.939 [SpringApplicationShutdownHook] INFO  com.zaxxer.hikari.HikariDataSource - HikariPool-1 - Shutdown initiated...
2025-10-24 15:23:10.940 [SpringApplicationShutdownHook] INFO  com.zaxxer.hikari.HikariDataSource - HikariPool-1 - Shutdown completed.
